build/outputs/logs/manifest-merger-debug-report.txt
-- Merging decision tree log ---
manifest
ADDED from platforms/android/AndroidManifest.xml:2:1-265:12
	package
		ADDED from platforms/android/AndroidManifest.xml:3:5-29
		INJECTED from platforms/android/AndroidManifest.xml
		INJECTED from platforms/android/AndroidManifest.xml
	android:versionName
		INJECTED from platforms/android/AndroidManifest.xml
		INJECTED from platforms/android/AndroidManifest.xml
	xmlns:tools
		ADDED from platforms/android/AndroidManifest.xml:5:5-51
	android:hardwareAccelerated
		ADDED from platforms/android/AndroidManifest.xml:2:11-45
	xmlns:android
		ADDED from platforms/android/AndroidManifest.xml:4:5-63
	android:versionCode
		INJECTED from platforms/android/AndroidManifest.xml
		INJECTED from platforms/android/AndroidManifest.xml
supports-screens
ADDED from platforms/android/AndroidManifest.xml:7:5-191
	android:largeScreens
		ADDED from platforms/android/AndroidManifest.xml:7:49-76
	android:smallScreens
		ADDED from platforms/android/AndroidManifest.xml:7:132-159
	android:normalScreens
		ADDED from platforms/android/AndroidManifest.xml:7:77-105
	android:xlargeScreens
		ADDED from platforms/android/AndroidManifest.xml:7:160-188
	android:resizeable
		ADDED from platforms/android/AndroidManifest.xml:7:106-131
	android:anyDensity
		ADDED from platforms/android/AndroidManifest.xml:7:23-48
uses-sdk
ADDED from platforms/android/AndroidManifest.xml:8:5-74
MERGED from [com.android.support:multidex:1.0.1] AndroidManifest.xml:18:5-42
MERGED from [com.wescan.alo.rtc:alortc-sdk:1.2.3] AndroidManifest.xml:7:5-9:41
MERGED from [com.android.support:percent:25.2.0] AndroidManifest.xml:20:5-43
MERGED from [com.android.support:design:25.2.0] AndroidManifest.xml:21:5-23:62
MERGED from [com.android.support:transition:25.2.0] AndroidManifest.xml:20:5-44
MERGED from [com.google.android.gms:play-services:10.2.0] AndroidManifest.xml:4:5-43
MERGED from [com.google.android.gms:play-services-ads:10.2.0] AndroidManifest.xml:17:5-43
MERGED from [com.google.android.gms:play-services-ads-lite:10.2.0] AndroidManifest.xml:22:5-43
MERGED from [com.google.android.gms:play-services-analytics:10.2.0] AndroidManifest.xml:17:5-43
MERGED from [com.google.android.gms:play-services-appinvite:10.2.0] AndroidManifest.xml:17:5-43
MERGED from [com.google.android.gms:play-services-auth:10.2.0] AndroidManifest.xml:17:5-43
MERGED from [com.google.android.gms:play-services-auth-base:10.2.0] AndroidManifest.xml:4:5-43
MERGED from [com.google.android.gms:play-services-cast-framework:10.2.0] AndroidManifest.xml:3:5-43
MERGED from [com.google.android.gms:play-services-cast:10.2.0] AndroidManifest.xml:17:5-43
MERGED from [com.android.support:mediarouter-v7:24.0.0] AndroidManifest.xml:20:5-43
MERGED from [com.android.support:palette-v7:24.0.0] AndroidManifest.xml:20:5-43
MERGED from [com.google.android.gms:play-services-clearcut:10.2.0] AndroidManifest.xml:17:5-43
MERGED from [com.google.firebase:firebase-config:10.2.0] AndroidManifest.xml:17:5-43
MERGED from [com.google.android.gms:play-services-awareness:10.2.0] AndroidManifest.xml:17:5-43
MERGED from [com.google.firebase:firebase-crash:10.2.0] AndroidManifest.xml:20:5-43
MERGED from [com.google.firebase:firebase-auth:10.2.0] AndroidManifest.xml:17:5-43
MERGED from [com.google.firebase:firebase-database:10.2.0] AndroidManifest.xml:3:5-43
MERGED from [com.google.firebase:firebase-database-connection:10.2.0] AndroidManifest.xml:3:5-43
MERGED from [com.google.firebase:firebase-messaging:10.2.0] AndroidManifest.xml:17:5-43
MERGED from [com.google.firebase:firebase-storage:10.2.0] AndroidManifest.xml:3:5-43
MERGED from [com.google.firebase:firebase-storage-common:10.2.0] AndroidManifest.xml:3:5-43
MERGED from [com.google.android.gms:play-services-fitness:10.2.0] AndroidManifest.xml:17:5-43
MERGED from [com.google.android.gms:play-services-games:10.2.0] AndroidManifest.xml:17:5-43
MERGED from [com.google.android.gms:play-services-drive:10.2.0] AndroidManifest.xml:17:5-43
MERGED from [com.google.android.gms:play-services-gass:10.2.0] AndroidManifest.xml:3:5-43
MERGED from [com.google.android.gms:play-services-gcm:10.2.0] AndroidManifest.xml:17:5-43
MERGED from [com.google.firebase:firebase-appindexing:10.2.0] AndroidManifest.xml:17:5-43
MERGED from [com.google.android.gms:play-services-iid:10.2.0] AndroidManifest.xml:17:5-43
MERGED from [com.google.android.gms:play-services-instantapps:10.2.0] AndroidManifest.xml:3:5-43
MERGED from [com.google.android.gms:play-services-location:10.2.0] AndroidManifest.xml:3:5-43
MERGED from [com.google.android.gms:play-services-nearby:10.2.0] AndroidManifest.xml:3:5-43
MERGED from [com.google.android.gms:play-services-panorama:10.2.0] AndroidManifest.xml:17:5-43
MERGED from [com.google.android.gms:play-services-places:10.2.0] AndroidManifest.xml:17:5-43
MERGED from [com.google.android.gms:play-services-plus:10.2.0] AndroidManifest.xml:17:5-43
MERGED from [com.google.android.gms:play-services-safetynet:10.2.0] AndroidManifest.xml:17:5-43
MERGED from [com.google.android.gms:play-services-tagmanager:10.2.0] AndroidManifest.xml:17:5-43
MERGED from [com.google.android.gms:play-services-tagmanager-api:10.2.0] AndroidManifest.xml:17:5-43
MERGED from [com.google.android.gms:play-services-tagmanager-v4-impl:10.2.0] AndroidManifest.xml:17:5-43
MERGED from [com.google.android.gms:play-services-analytics-impl:10.2.0] AndroidManifest.xml:17:5-43
MERGED from [com.google.android.gms:play-services-vision:10.2.0] AndroidManifest.xml:3:5-43
MERGED from [com.google.android.gms:play-services-wallet:10.2.0] AndroidManifest.xml:18:5-43
MERGED from [com.google.android.gms:play-services-identity:10.2.0] AndroidManifest.xml:17:5-43
MERGED from [com.google.android.gms:play-services-maps:10.2.0] AndroidManifest.xml:23:5-43
MERGED from [com.google.android.gms:play-services-wearable:10.2.0] AndroidManifest.xml:17:5-43
MERGED from [com.google.android.gms:play-services-base:10.2.0] AndroidManifest.xml:17:5-43
MERGED from [io.reactivex:rxandroid:1.2.1] AndroidManifest.xml:19:5-43
MERGED from [com.facebook.android:facebook-android-sdk:4.20.0] AndroidManifest.xml:24:5-26:41
MERGED from [com.android.support:cardview-v7:25.2.0] AndroidManifest.xml:20:5-43
MERGED from [com.android.support:customtabs:25.0.0] AndroidManifest.xml:20:5-44
MERGED from [com.jakewharton:butterknife:8.5.1] AndroidManifest.xml:5:5-43
MERGED from [me.grantland:autofittextview:0.2.1] AndroidManifest.xml:7:5-9:41
MERGED from [com.rengwuxian.materialedittext:library:2.1.4] AndroidManifest.xml:6:5-8:41
MERGED from [com.getbase:floatingactionbutton:1.10.1] AndroidManifest.xml:8:5-10:41
MERGED from [com.github.traex.rippleeffect:library:1.3] AndroidManifest.xml:8:5-10:41
MERGED from [com.h6ah4i.android.widget.advrecyclerview:advrecyclerview:0.9.3] AndroidManifest.xml:23:5-25:41
MERGED from [io.github.luizgrp.sectionedrecyclerviewadapter:sectionedrecyclerviewadapter:1.0.4] AndroidManifest.xml:7:5-9:41
MERGED from [com.android.support:appcompat-v7:25.2.0] AndroidManifest.xml:21:5-23:78
MERGED from [com.android.support:animated-vector-drawable:25.2.0] AndroidManifest.xml:20:5-44
MERGED from [com.android.support:support-vector-drawable:25.2.0] AndroidManifest.xml:21:5-43
MERGED from [com.android.support:recyclerview-v7:25.2.0] AndroidManifest.xml:20:5-43
MERGED from [com.wang.avi:library:2.1.3] AndroidManifest.xml:7:5-9:41
MERGED from [com.github.yukuku:ambilwarna:2.0.1] AndroidManifest.xml:8:5-10:41
MERGED from [com.victor:lib:1.0.4] AndroidManifest.xml:7:5-9:41
MERGED from [com.facebook.stetho:stetho-okhttp3:1.4.2] AndroidManifest.xml:7:5-9:41
MERGED from [com.facebook.stetho:stetho:1.4.2] AndroidManifest.xml:7:5-9:41
MERGED from [com.jakewharton.timber:timber:4.5.1] AndroidManifest.xml:6:5-43
MERGED from [com.google.firebase:firebase-core:10.2.0] AndroidManifest.xml:4:5-43
MERGED from [com.google.firebase:firebase-analytics:10.2.0] AndroidManifest.xml:17:5-43
MERGED from [com.google.firebase:firebase-analytics-impl:10.2.0] AndroidManifest.xml:17:5-43
MERGED from [com.google.firebase:firebase-iid:10.2.0] AndroidManifest.xml:17:5-43
MERGED from [com.google.firebase:firebase-common:10.2.0] AndroidManifest.xml:3:5-43
MERGED from [com.google.android.gms:play-services-tasks:10.2.0] AndroidManifest.xml:3:5-43
MERGED from [com.google.android.gms:play-services-basement:10.2.0] AndroidManifest.xml:17:5-43
MERGED from [com.android.support:support-v4:25.2.0] AndroidManifest.xml:21:5-23:54
MERGED from [com.android.support:support-fragment:25.2.0] AndroidManifest.xml:21:5-23:60
MERGED from [com.android.support:support-media-compat:25.2.0] AndroidManifest.xml:21:5-23:63
MERGED from [com.android.support:support-core-ui:25.2.0] AndroidManifest.xml:21:5-23:58
MERGED from [com.android.support:support-core-utils:25.2.0] AndroidManifest.xml:21:5-23:61
MERGED from [com.android.support:support-compat:25.2.0] AndroidManifest.xml:21:5-23:58
MERGED from [android:CordovaLib:unspecified:debug] AndroidManifest.xml:25:5-44
	tools:overrideLibrary
		ADDED from [com.android.support:design:25.2.0] AndroidManifest.xml:23:9-59
	android:targetSdkVersion
		ADDED from platforms/android/AndroidManifest.xml:8:42-71
		INJECTED from platforms/android/AndroidManifest.xml
		INJECTED from platforms/android/AndroidManifest.xml
	android:minSdkVersion
		ADDED from platforms/android/AndroidManifest.xml:8:15-41
		INJECTED from platforms/android/AndroidManifest.xml
		INJECTED from platforms/android/AndroidManifest.xml
uses-feature#android.hardware.camera
ADDED from platforms/android/AndroidManifest.xml:11:5-60
	android:name
		ADDED from platforms/android/AndroidManifest.xml:11:19-57
uses-feature#android.hardware.camera.autofocus
ADDED from platforms/android/AndroidManifest.xml:12:5-70
	android:name
		ADDED from platforms/android/AndroidManifest.xml:12:19-67
uses-feature#0x00020000
ADDED from platforms/android/AndroidManifest.xml:13:5-78
MERGED from [com.google.android.gms:play-services-maps:10.2.0] AndroidManifest.xml:21:5-77
	android:glEsVersion
		ADDED from platforms/android/AndroidManifest.xml:13:19-51
	android:required
		ADDED from platforms/android/AndroidManifest.xml:13:52-75
uses-permission#android.permission.INTERNET
ADDED from platforms/android/AndroidManifest.xml:17:5-67
MERGED from [com.google.android.gms:play-services-ads-lite:10.2.0] AndroidManifest.xml:19:5-66
MERGED from [com.google.android.gms:play-services-analytics:10.2.0] AndroidManifest.xml:20:5-66
MERGED from [com.google.android.gms:play-services-appinvite:10.2.0] AndroidManifest.xml:18:5-66
MERGED from [com.google.firebase:firebase-crash:10.2.0] AndroidManifest.xml:18:5-66
MERGED from [com.google.android.gms:play-services-gcm:10.2.0] AndroidManifest.xml:21:5-66
MERGED from [com.google.android.gms:play-services-iid:10.2.0] AndroidManifest.xml:21:5-66
MERGED from [com.google.android.gms:play-services-tagmanager-api:10.2.0] AndroidManifest.xml:20:5-66
MERGED from [com.google.android.gms:play-services-analytics-impl:10.2.0] AndroidManifest.xml:20:5-66
MERGED from [com.google.android.gms:play-services-maps:10.2.0] AndroidManifest.xml:20:5-66
MERGED from [com.google.firebase:firebase-analytics:10.2.0] AndroidManifest.xml:20:5-66
MERGED from [com.google.firebase:firebase-analytics-impl:10.2.0] AndroidManifest.xml:20:5-66
MERGED from [com.google.firebase:firebase-iid:10.2.0] AndroidManifest.xml:20:5-66
	android:name
		ADDED from platforms/android/AndroidManifest.xml:17:22-64
uses-permission#android.permission.ACCESS_WIFI_STATE
ADDED from platforms/android/AndroidManifest.xml:18:5-76
	android:name
		ADDED from platforms/android/AndroidManifest.xml:18:22-73
uses-permission#android.permission.ACCESS_NETWORK_STATE
ADDED from platforms/android/AndroidManifest.xml:19:5-79
MERGED from [com.google.android.gms:play-services-ads-lite:10.2.0] AndroidManifest.xml:20:5-78
MERGED from [com.google.android.gms:play-services-analytics:10.2.0] AndroidManifest.xml:21:5-78
MERGED from [com.google.android.gms:play-services-nearby:10.2.0] AndroidManifest.xml:4:5-78
MERGED from [com.google.android.gms:play-services-tagmanager-api:10.2.0] AndroidManifest.xml:21:5-78
MERGED from [com.google.android.gms:play-services-analytics-impl:10.2.0] AndroidManifest.xml:21:5-78
MERGED from [com.google.android.gms:play-services-maps:10.2.0] AndroidManifest.xml:19:5-78
MERGED from [com.google.firebase:firebase-analytics:10.2.0] AndroidManifest.xml:21:5-78
MERGED from [com.google.firebase:firebase-analytics-impl:10.2.0] AndroidManifest.xml:21:5-78
MERGED from [com.google.firebase:firebase-iid:10.2.0] AndroidManifest.xml:19:5-78
	android:name
		ADDED from platforms/android/AndroidManifest.xml:19:22-76
uses-permission#android.permission.GET_ACCOUNTS
ADDED from platforms/android/AndroidManifest.xml:20:5-71
	android:name
		ADDED from platforms/android/AndroidManifest.xml:20:22-68
uses-permission#android.permission.AUTHENTICATE_ACCOUNTS
ADDED from platforms/android/AndroidManifest.xml:21:5-79
	android:name
		ADDED from platforms/android/AndroidManifest.xml:21:22-77
uses-permission#android.permission.USE_CREDENTIALS
ADDED from platforms/android/AndroidManifest.xml:22:5-74
	android:name
		ADDED from platforms/android/AndroidManifest.xml:22:22-71
uses-permission#android.permission.READ_PROFILE
ADDED from platforms/android/AndroidManifest.xml:23:5-70
	android:name
		ADDED from platforms/android/AndroidManifest.xml:23:22-68
uses-permission#android.permission.READ_CONTACTS
ADDED from platforms/android/AndroidManifest.xml:24:5-71
	android:name
		ADDED from platforms/android/AndroidManifest.xml:24:22-69
uses-permission#android.permission.READ_EXTERNAL_STORAGE
ADDED from platforms/android/AndroidManifest.xml:25:5-80
	android:name
		ADDED from platforms/android/AndroidManifest.xml:25:22-77
uses-permission#android.permission.WRITE_EXTERNAL_STORAGE
ADDED from platforms/android/AndroidManifest.xml:26:5-81
	android:name
		ADDED from platforms/android/AndroidManifest.xml:26:22-78
uses-permission#android.permission.RECORD_VIDEO
ADDED from platforms/android/AndroidManifest.xml:27:5-71
	android:name
		ADDED from platforms/android/AndroidManifest.xml:27:22-68
uses-permission#android.permission.RECORD_AUDIO
ADDED from platforms/android/AndroidManifest.xml:28:5-71
	android:name
		ADDED from platforms/android/AndroidManifest.xml:28:22-68
uses-permission#android.permission.CAMERA
ADDED from platforms/android/AndroidManifest.xml:29:5-65
	android:name
		ADDED from platforms/android/AndroidManifest.xml:29:22-62
uses-permission#android.permission.CHANGE_NETWORK_STATE
ADDED from platforms/android/AndroidManifest.xml:30:5-79
	android:name
		ADDED from platforms/android/AndroidManifest.xml:30:22-76
uses-permission#android.permission.MODIFY_AUDIO_SETTINGS
ADDED from platforms/android/AndroidManifest.xml:31:5-80
	android:name
		ADDED from platforms/android/AndroidManifest.xml:31:22-77
uses-permission#android.permission.WAKE_LOCK
ADDED from platforms/android/AndroidManifest.xml:32:5-68
MERGED from [com.google.android.gms:play-services-analytics:10.2.0] AndroidManifest.xml:24:5-67
MERGED from [com.google.android.gms:play-services-analytics-impl:10.2.0] AndroidManifest.xml:24:5-67
MERGED from [com.google.firebase:firebase-analytics:10.2.0] AndroidManifest.xml:22:5-67
MERGED from [com.google.firebase:firebase-analytics-impl:10.2.0] AndroidManifest.xml:22:5-67
MERGED from [com.google.firebase:firebase-iid:10.2.0] AndroidManifest.xml:21:5-67
	android:name
		ADDED from platforms/android/AndroidManifest.xml:32:22-65
uses-permission#android.permission.VIBRATE
ADDED from platforms/android/AndroidManifest.xml:33:5-66
	android:name
		ADDED from platforms/android/AndroidManifest.xml:33:22-63
uses-permission#android.permission.CHANGE_WIFI_STATE
ADDED from platforms/android/AndroidManifest.xml:34:5-75
	android:name
		ADDED from platforms/android/AndroidManifest.xml:34:22-73
uses-permission#com.android.vending.BILLING
ADDED from platforms/android/AndroidManifest.xml:36:5-66
	android:name
		ADDED from platforms/android/AndroidManifest.xml:36:22-64
uses-permission#com.google.android.c2dm.permission.RECEIVE
ADDED from platforms/android/AndroidManifest.xml:38:5-82
MERGED from [com.google.android.gms:play-services-gcm:10.2.0] AndroidManifest.xml:20:5-81
MERGED from [com.google.android.gms:play-services-iid:10.2.0] AndroidManifest.xml:20:5-81
MERGED from [com.google.firebase:firebase-iid:10.2.0] AndroidManifest.xml:22:5-81
	android:name
		ADDED from platforms/android/AndroidManifest.xml:38:22-79
uses-permission#com.google.android.c2dm.permission.SEND
ADDED from platforms/android/AndroidManifest.xml:39:5-79
	android:name
		ADDED from platforms/android/AndroidManifest.xml:39:22-76
uses-permission#com.knowlounge.permission.C2D_MESSAGE
ADDED from platforms/android/AndroidManifest.xml:40:5-77
MERGED from [com.google.firebase:firebase-iid:10.2.0] AndroidManifest.xml:26:5-78
	android:name
		ADDED from platforms/android/AndroidManifest.xml:40:22-74
permission#com.knowlounge.permission.C2D_MESSAGE
ADDED from platforms/android/AndroidManifest.xml:41:5-108
MERGED from [com.google.firebase:firebase-iid:10.2.0] AndroidManifest.xml:24:5-109
	android:protectionLevel
		ADDED from platforms/android/AndroidManifest.xml:41:70-105
	android:name
		ADDED from platforms/android/AndroidManifest.xml:41:17-69
uses-permission#android.permission.GET_TASKS
ADDED from platforms/android/AndroidManifest.xml:43:5-68
	android:name
		ADDED from platforms/android/AndroidManifest.xml:43:22-65
application
ADDED from platforms/android/AndroidManifest.xml:46:5-263:19
MERGED from [com.wescan.alo.rtc:alortc-sdk:1.2.3] AndroidManifest.xml:11:5-12:19
MERGED from [com.android.support:percent:25.2.0] AndroidManifest.xml:22:5-20
MERGED from [com.android.support:design:25.2.0] AndroidManifest.xml:25:5-20
MERGED from [com.android.support:transition:25.2.0] AndroidManifest.xml:22:5-20
MERGED from [com.google.android.gms:play-services:10.2.0] AndroidManifest.xml:5:5-20
MERGED from [com.google.android.gms:play-services-ads-lite:10.2.0] AndroidManifest.xml:23:5-27:19
MERGED from [com.google.android.gms:play-services-analytics:10.2.0] AndroidManifest.xml:26:5-19
MERGED from [com.google.android.gms:play-services-appinvite:10.2.0] AndroidManifest.xml:19:5-26:19
MERGED from [com.google.android.gms:play-services-auth:10.2.0] AndroidManifest.xml:19:5-25:19
MERGED from [com.google.android.gms:play-services-cast-framework:10.2.0] AndroidManifest.xml:4:5-8:19
MERGED from [com.google.android.gms:play-services-cast:10.2.0] AndroidManifest.xml:18:5-19
MERGED from [com.android.support:mediarouter-v7:24.0.0] AndroidManifest.xml:22:5-20
MERGED from [com.android.support:palette-v7:24.0.0] AndroidManifest.xml:22:5-23:19
MERGED from [com.google.android.gms:play-services-clearcut:10.2.0] AndroidManifest.xml:18:5-19
MERGED from [com.google.firebase:firebase-config:10.2.0] AndroidManifest.xml:18:5-19
MERGED from [com.google.android.gms:play-services-awareness:10.2.0] AndroidManifest.xml:18:5-19
MERGED from [com.google.firebase:firebase-crash:10.2.0] AndroidManifest.xml:22:5-23:19
MERGED from [com.google.firebase:firebase-auth:10.2.0] AndroidManifest.xml:19:5-20:19
MERGED from [com.google.firebase:firebase-messaging:10.2.0] AndroidManifest.xml:19:5-29:19
MERGED from [com.google.android.gms:play-services-fitness:10.2.0] AndroidManifest.xml:18:5-19
MERGED from [com.google.android.gms:play-services-games:10.2.0] AndroidManifest.xml:18:5-19
MERGED from [com.google.android.gms:play-services-drive:10.2.0] AndroidManifest.xml:18:5-19
MERGED from [com.google.android.gms:play-services-gass:10.2.0] AndroidManifest.xml:4:5-19
MERGED from [com.google.android.gms:play-services-gcm:10.2.0] AndroidManifest.xml:23:5-19
MERGED from [com.google.firebase:firebase-appindexing:10.2.0] AndroidManifest.xml:18:5-19
MERGED from [com.google.android.gms:play-services-iid:10.2.0] AndroidManifest.xml:23:5-19
MERGED from [com.google.android.gms:play-services-location:10.2.0] AndroidManifest.xml:4:5-19
MERGED from [com.google.android.gms:play-services-nearby:10.2.0] AndroidManifest.xml:5:5-19
MERGED from [com.google.android.gms:play-services-panorama:10.2.0] AndroidManifest.xml:18:5-19
MERGED from [com.google.android.gms:play-services-places:10.2.0] AndroidManifest.xml:18:5-19
MERGED from [com.google.android.gms:play-services-plus:10.2.0] AndroidManifest.xml:18:5-19
MERGED from [com.google.android.gms:play-services-safetynet:10.2.0] AndroidManifest.xml:18:5-19
MERGED from [com.google.android.gms:play-services-tagmanager-api:10.2.0] AndroidManifest.xml:23:5-33:19
MERGED from [com.google.android.gms:play-services-tagmanager-v4-impl:10.2.0] AndroidManifest.xml:19:5-19
MERGED from [com.google.android.gms:play-services-analytics-impl:10.2.0] AndroidManifest.xml:26:5-19
MERGED from [com.google.android.gms:play-services-vision:10.2.0] AndroidManifest.xml:4:5-19
MERGED from [com.google.android.gms:play-services-identity:10.2.0] AndroidManifest.xml:18:5-19
MERGED from [com.google.android.gms:play-services-maps:10.2.0] AndroidManifest.xml:24:5-19
MERGED from [com.google.android.gms:play-services-wearable:10.2.0] AndroidManifest.xml:18:5-19
MERGED from [com.google.android.gms:play-services-base:10.2.0] AndroidManifest.xml:18:5-20:19
MERGED from [com.facebook.android:facebook-android-sdk:4.20.0] AndroidManifest.xml:28:5-48:19
MERGED from [com.android.support:cardview-v7:25.2.0] AndroidManifest.xml:22:5-20
MERGED from [com.android.support:customtabs:25.0.0] AndroidManifest.xml:22:5-20
MERGED from [com.getbase:floatingactionbutton:1.10.1] AndroidManifest.xml:12:5-20
MERGED from [com.github.traex.rippleeffect:library:1.3] AndroidManifest.xml:12:5-20
MERGED from [io.github.luizgrp.sectionedrecyclerviewadapter:sectionedrecyclerviewadapter:1.0.4] AndroidManifest.xml:11:5-12:19
MERGED from [com.android.support:appcompat-v7:25.2.0] AndroidManifest.xml:25:5-20
MERGED from [com.android.support:animated-vector-drawable:25.2.0] AndroidManifest.xml:22:5-20
MERGED from [com.android.support:support-vector-drawable:25.2.0] AndroidManifest.xml:23:5-20
MERGED from [com.victor:lib:1.0.4] AndroidManifest.xml:11:5-14:19
MERGED from [com.facebook.stetho:stetho-okhttp3:1.4.2] AndroidManifest.xml:11:5-20
MERGED from [com.facebook.stetho:stetho:1.4.2] AndroidManifest.xml:11:5-20
MERGED from [com.jakewharton.timber:timber:4.5.1] AndroidManifest.xml:8:5-20
MERGED from [com.google.firebase:firebase-core:10.2.0] AndroidManifest.xml:5:5-20
MERGED from [com.google.firebase:firebase-analytics:10.2.0] AndroidManifest.xml:24:5-33:19
MERGED from [com.google.firebase:firebase-analytics-impl:10.2.0] AndroidManifest.xml:24:5-28:19
MERGED from [com.google.firebase:firebase-iid:10.2.0] AndroidManifest.xml:28:5-50:19
MERGED from [com.google.firebase:firebase-common:10.2.0] AndroidManifest.xml:4:5-7:19
MERGED from [com.google.android.gms:play-services-tasks:10.2.0] AndroidManifest.xml:4:5-19
MERGED from [com.google.android.gms:play-services-basement:10.2.0] AndroidManifest.xml:19:5-21:19
MERGED from [com.android.support:support-v4:25.2.0] AndroidManifest.xml:25:5-20
MERGED from [com.android.support:support-fragment:25.2.0] AndroidManifest.xml:25:5-20
MERGED from [com.android.support:support-media-compat:25.2.0] AndroidManifest.xml:25:5-20
MERGED from [com.android.support:support-core-ui:25.2.0] AndroidManifest.xml:25:5-20
MERGED from [com.android.support:support-core-utils:25.2.0] AndroidManifest.xml:25:5-20
MERGED from [com.android.support:support-compat:25.2.0] AndroidManifest.xml:25:5-20
	android:label
		ADDED from platforms/android/AndroidManifest.xml:51:9-41
	android:supportsRtl
		ADDED from platforms/android/AndroidManifest.xml:52:9-35
	android:hardwareAccelerated
		ADDED from platforms/android/AndroidManifest.xml:48:9-43
	android:icon
		ADDED from platforms/android/AndroidManifest.xml:50:9-45
	android:largeHeap
		ADDED from platforms/android/AndroidManifest.xml:49:9-33
	android:allowBackup
		ADDED from [com.victor:lib:1.0.4] AndroidManifest.xml:12:9-35
	android:name
		ADDED from platforms/android/AndroidManifest.xml:47:9-46
activity#com.knowlounge.login.SplashIntroActivity
ADDED from platforms/android/AndroidManifest.xml:61:9-83:20
	android:launchMode
		ADDED from platforms/android/AndroidManifest.xml:66:13-43
	android:windowSoftInputMode
		ADDED from platforms/android/AndroidManifest.xml:64:13-54
	android:configChanges
		ADDED from platforms/android/AndroidManifest.xml:65:13-74
	android:theme
		ADDED from platforms/android/AndroidManifest.xml:63:13-69
	android:name
		ADDED from platforms/android/AndroidManifest.xml:62:13-54
intent-filter#android.intent.action.MAIN+android.intent.category.LAUNCHER
ADDED from platforms/android/AndroidManifest.xml:69:13-72:29
	android:label
		ADDED from platforms/android/AndroidManifest.xml:69:28-65
action#android.intent.action.MAIN
ADDED from platforms/android/AndroidManifest.xml:70:17-69
	android:name
		ADDED from platforms/android/AndroidManifest.xml:70:25-66
category#android.intent.category.LAUNCHER
ADDED from platforms/android/AndroidManifest.xml:71:17-77
	android:name
		ADDED from platforms/android/AndroidManifest.xml:71:27-74
intent-filter#android.intent.action.VIEW+android.intent.category.BROWSABLE+android.intent.category.DEFAULT
ADDED from platforms/android/AndroidManifest.xml:74:13-82:29
action#android.intent.action.VIEW
ADDED from platforms/android/AndroidManifest.xml:75:17-69
	android:name
		ADDED from platforms/android/AndroidManifest.xml:75:25-66
category#android.intent.category.DEFAULT
ADDED from platforms/android/AndroidManifest.xml:77:17-76
	android:name
		ADDED from platforms/android/AndroidManifest.xml:77:27-73
category#android.intent.category.BROWSABLE
ADDED from platforms/android/AndroidManifest.xml:78:17-78
	android:name
		ADDED from platforms/android/AndroidManifest.xml:78:27-75
data
ADDED from platforms/android/AndroidManifest.xml:80:17-84
	android:host
		ADDED from platforms/android/AndroidManifest.xml:80:51-81
	android:scheme
		ADDED from platforms/android/AndroidManifest.xml:80:23-50
activity#com.knowlounge.login.LoginActivity
ADDED from platforms/android/AndroidManifest.xml:86:9-89:86
	android:windowSoftInputMode
		ADDED from platforms/android/AndroidManifest.xml:88:13-54
	android:configChanges
		ADDED from platforms/android/AndroidManifest.xml:89:13-74
	android:theme
		ADDED from platforms/android/AndroidManifest.xml:87:13-69
	android:name
		ADDED from platforms/android/AndroidManifest.xml:86:19-54
activity#com.knowlounge.MainActivity
ADDED from platforms/android/AndroidManifest.xml:101:9-107:67
	android:label
		ADDED from platforms/android/AndroidManifest.xml:102:13-50
	android:launchMode
		ADDED from platforms/android/AndroidManifest.xml:105:13-43
	android:windowSoftInputMode
		ADDED from platforms/android/AndroidManifest.xml:107:13-55
	android:configChanges
		ADDED from platforms/android/AndroidManifest.xml:106:13-74
	android:theme
		ADDED from platforms/android/AndroidManifest.xml:104:13-49
	android:name
		ADDED from platforms/android/AndroidManifest.xml:103:13-41
activity#com.knowlounge.RoomLeftNavActivity
ADDED from platforms/android/AndroidManifest.xml:109:9-112:57
	android:windowSoftInputMode
		ADDED from platforms/android/AndroidManifest.xml:112:13-54
	android:theme
		ADDED from platforms/android/AndroidManifest.xml:111:13-63
	android:name
		ADDED from platforms/android/AndroidManifest.xml:110:13-48
activity#com.knowlounge.view.room.RoomActivity
ADDED from platforms/android/AndroidManifest.xml:114:9-121:20
	android:label
		ADDED from platforms/android/AndroidManifest.xml:117:13-50
	android:launchMode
		ADDED from platforms/android/AndroidManifest.xml:118:13-43
	android:windowSoftInputMode
		ADDED from platforms/android/AndroidManifest.xml:120:13-67
	android:configChanges
		ADDED from platforms/android/AndroidManifest.xml:116:13-90
	android:theme
		ADDED from platforms/android/AndroidManifest.xml:119:13-48
	android:name
		ADDED from platforms/android/AndroidManifest.xml:115:13-51
activity#com.knowlounge.premium.PremiumWebViewActivity
ADDED from platforms/android/AndroidManifest.xml:123:9-130:20
	android:label
		ADDED from platforms/android/AndroidManifest.xml:126:13-50
	android:launchMode
		ADDED from platforms/android/AndroidManifest.xml:127:13-43
	android:windowSoftInputMode
		ADDED from platforms/android/AndroidManifest.xml:129:13-67
	android:configChanges
		ADDED from platforms/android/AndroidManifest.xml:125:13-90
	android:theme
		ADDED from platforms/android/AndroidManifest.xml:128:13-57
	android:name
		ADDED from platforms/android/AndroidManifest.xml:124:13-59
activity#com.knowlounge.RoomSwitchActivity
ADDED from platforms/android/AndroidManifest.xml:141:9-144:57
	android:windowSoftInputMode
		ADDED from platforms/android/AndroidManifest.xml:144:13-54
	android:theme
		ADDED from platforms/android/AndroidManifest.xml:143:13-63
	android:name
		ADDED from platforms/android/AndroidManifest.xml:142:13-47
activity#com.ipaulpro.afilechooser.FileChooserActivity
ADDED from platforms/android/AndroidManifest.xml:146:9-153:20
	android:enabled
		ADDED from platforms/android/AndroidManifest.xml:146:19-55
	android:label
		ADDED from platforms/android/AndroidManifest.xml:146:116-151
	android:exported
		ADDED from platforms/android/AndroidManifest.xml:146:56-79
	android:icon
		ADDED from platforms/android/AndroidManifest.xml:146:80-115
	android:name
		ADDED from platforms/android/AndroidManifest.xml:146:152-212
intent-filter#android.intent.action.GET_CONTENT+android.intent.category.DEFAULT+android.intent.category.OPENABLE
ADDED from platforms/android/AndroidManifest.xml:147:13-152:29
action#android.intent.action.GET_CONTENT
ADDED from platforms/android/AndroidManifest.xml:148:17-76
	android:name
		ADDED from platforms/android/AndroidManifest.xml:148:25-73
category#android.intent.category.OPENABLE
ADDED from platforms/android/AndroidManifest.xml:150:17-77
	android:name
		ADDED from platforms/android/AndroidManifest.xml:150:27-74
activity#com.dropbox.client2.android.AuthActivity
ADDED from platforms/android/AndroidManifest.xml:156:9-163:20
	android:launchMode